2026-04-26 17:15:09,075 [INFO] Behandlar larm: medium — {"event_count": 15, "avg_severity": 5.0, "unique_ips": 2, "anomaly_score": 0.0407, "zscore": 2.01}
2026-04-26 17:15:09,075 [WARNING] LARM [MEDIUM]: Medium incident: {'event_count': 15, 'avg_severity': 5.0, 'unique_ips': 2, 'anomaly_score': 0.0407, 'zscore': 2.01}
2026-04-26 17:15:09,075 [INFO] Behandlar larm: medium — {"event_count": 15, "avg_severity": 5.0, "unique_ips": 2, "anomaly_score": 0.0407, "zscore": 2.01}
2026-04-26 17:15:09,075 [WARNING] LARM [MEDIUM]: Medium incident: {'event_count': 15, 'avg_severity': 5.0, 'unique_ips': 2, 'anomaly_score': 0.0407, 'zscore': 2.01}
2026-04-26 17:15:09,076 [INFO] Behandlar larm: medium — {"event_count": 15, "avg_severity": 5.0, "unique_ips": 2, "anomaly_score": 0.0407, "zscore": 2.01}
2026-04-26 17:15:09,076 [WARNING] LARM [MEDIUM]: Medium incident: {'event_count': 15, 'avg_severity': 5.0, 'unique_ips': 2, 'anomaly_score': 0.0407, 'zscore': 2.01}
2026-04-26 17:15:09,076 [INFO] Behandlar larm: medium — {"event_count": 15, "avg_severity": 5.0, "unique_ips": 2, "anomaly_score": 0.0407, "zscore": 2.01}
2026-04-26 17:15:09,076 [WARNING] LARM [MEDIUM]: Medium incident: {'event_count': 15, 'avg_severity': 5.0, 'unique_ips': 2, 'anomaly_score': 0.0407, 'zscore': 2.01}
2026-04-26 17:15:09,076 [INFO] Behandlar larm: medium — {"event_count": 16, "avg_severity": 5.12, "unique_ips": 2, "anomaly_score": -0.0471, "zscore": 2.18}
2026-04-26 17:15:09,076 [WARNING] LARM [MEDIUM]: Medium incident: {'event_count': 16, 'avg_severity': 5.12, 'unique_ips': 2, 'anomaly_score': -0.0471, 'zscore': 2.18}
2026-04-26 17:15:09,076 [INFO] Behandlar larm: medium — {"event_count": 15, "avg_severity": 5.0, "unique_ips": 2, "anomaly_score": 0.0407, "zscore": 2.01}
2026-04-26 17:15:09,076 [WARNING] LARM [MEDIUM]: Medium incident: {'event_count': 15, 'avg_severity': 5.0, 'unique_ips': 2, 'anomaly_score': 0.0407, 'zscore': 2.01}
2026-04-26 17:15:09,076 [INFO] Behandlar larm: medium — {"event_count": 15, "avg_severity": 5.0, "unique_ips": 2, "anomaly_score": 0.0407, "zscore": 2.01}
2026-04-26 17:15:09,076 [WARNING] LARM [MEDIUM]: Medium incident: {'event_count': 15, 'avg_severity': 5.0, 'unique_ips': 2, 'anomaly_score': 0.0407, 'zscore': 2.01}
2026-04-26 17:15:09,076 [INFO] Behandlar larm: medium — {"event_count": 15, "avg_severity": 5.0, "unique_ips": 2, "anomaly_score": 0.0407, "zscore": 2.01}
2026-04-26 17:15:09,077 [WARNING] LARM [MEDIUM]: Medium incident: {'event_count': 15, 'avg_severity': 5.0, 'unique_ips': 2, 'anomaly_score': 0.0407, 'zscore': 2.01}
2026-04-26 17:15:09,077 [INFO] Behandlar larm: medium — {"event_count": 15, "avg_severity": 5.0, "unique_ips": 2, "anomaly_score": 0.0407, "zscore": 2.01}
2026-04-26 17:15:09,077 [WARNING] LARM [MEDIUM]: Medium incident: {'event_count': 15, 'avg_severity': 5.0, 'unique_ips': 2, 'anomaly_score': 0.0407, 'zscore': 2.01}
2026-04-26 17:15:09,077 [INFO] Behandlar larm: medium — {"event_count": 15, "avg_severity": 5.0, "unique_ips": 2, "anomaly_score": 0.0407, "zscore": 2.01}
2026-04-26 17:15:09,077 [WARNING] LARM [MEDIUM]: Medium incident: {'event_count': 15, 'avg_severity': 5.0, 'unique_ips': 2, 'anomaly_score': 0.0407, 'zscore': 2.01}
2026-04-26 17:15:09,077 [INFO] Behandlar larm: medium — {"event_count": 12, "avg_severity": 7.08, "unique_ips": 1, "anomaly_score": -0.1722, "zscore": 1.51}
2026-04-26 17:15:09,077 [WARNING] LARM [MEDIUM]: Medium incident: {'event_count': 12, 'avg_severity': 7.08, 'unique_ips': 1, 'anomaly_score': -0.1722, 'zscore': 1.51}
2026-04-26 17:15:09,077 [INFO] Behandlar larm: high — {"event_count": 0, "avg_severity": 0.0, "unique_ips": 0, "anomaly_score": -0.2494, "zscore": -0.48}
2026-04-26 17:15:09,077 [WARNING] LARM [HIGH]: Hög incident: {'event_count': 0, 'avg_severity': 0.0, 'unique_ips': 0, 'anomaly_score': -0.2494, 'zscore': -0.48}
2026-04-26 17:15:09,078 [INFO] Behandlar larm: medium — {"event_count": 16, "avg_severity": 5.31, "unique_ips": 2, "anomaly_score": 0.0097, "zscore": 2.18}
2026-04-26 17:15:09,078 [WARNING] LARM [MEDIUM]: Medium incident: {'event_count': 16, 'avg_severity': 5.31, 'unique_ips': 2, 'anomaly_score': 0.0097, 'zscore': 2.18}
2026-04-26 17:15:09,078 [INFO] Behandlar larm: medium — {"event_count": 16, "avg_severity": 5.31, "unique_ips": 2, "anomaly_score": 0.0097, "zscore": 2.18}
2026-04-26 17:15:09,078 [WARNING] LARM [MEDIUM]: Medium incident: {'event_count': 16, 'avg_severity': 5.31, 'unique_ips': 2, 'anomaly_score': 0.0097, 'zscore': 2.18}
2026-04-26 17:15:09,078 [INFO] Behandlar larm: medium — {"event_count": 16, "avg_severity": 5.31, "unique_ips": 2, "anomaly_score": 0.0097, "zscore": 2.18}
2026-04-26 17:15:09,078 [WARNING] LARM [MEDIUM]: Medium incident: {'event_count': 16, 'avg_severity': 5.31, 'unique_ips': 2, 'anomaly_score': 0.0097, 'zscore': 2.18}
2026-04-26 17:15:09,078 [INFO] Behandlar larm: medium — {"event_count": 3, "avg_severity": 5.0, "unique_ips": 2, "anomaly_score": -0.1086, "zscore": 0.02}
2026-04-26 17:15:09,078 [WARNING] LARM [MEDIUM]: Medium incident: {'event_count': 3, 'avg_severity': 5.0, 'unique_ips': 2, 'anomaly_score': -0.1086, 'zscore': 0.02}
2026-04-26 17:15:09,078 [INFO] Behandlar larm: critical — {"event_count": 45, "avg_severity": 4.09, "unique_ips": 2, "anomaly_score": -0.2065, "zscore": 6.99}
2026-04-26 17:15:09,078 [WARNING] LARM [CRITICAL]: Kritisk incident: {'event_count': 45, 'avg_severity': 4.09, 'unique_ips': 2, 'anomaly_score': -0.2065, 'zscore': 6.99}
2026-04-26 17:15:09,079 [INFO] Behandlar larm: high — {"event_count": 20, "avg_severity": 4.65, "unique_ips": 2, "anomaly_score": -0.0986, "zscore": 2.84}
2026-04-26 17:15:09,079 [WARNING] LARM [HIGH]: Hög incident: {'event_count': 20, 'avg_severity': 4.65, 'unique_ips': 2, 'anomaly_score': -0.0986, 'zscore': 2.84}
2026-04-26 17:15:09,079 [INFO] Behandlar larm: medium — {"event_count": 3, "avg_severity": 3.0, "unique_ips": 1, "anomaly_score": -0.1346, "zscore": 0.02}
2026-04-26 17:15:09,079 [WARNING] LARM [MEDIUM]: Medium incident: {'event_count': 3, 'avg_severity': 3.0, 'unique_ips': 1, 'anomaly_score': -0.1346, 'zscore': 0.02}
2026-04-26 17:15:09,079 [INFO] Behandlar larm: critical — {"event_count": 40, "avg_severity": 3.55, "unique_ips": 1, "anomaly_score": -0.1817, "zscore": 6.16}
2026-04-26 17:15:09,079 [WARNING] LARM [CRITICAL]: Kritisk incident: {'event_count': 40, 'avg_severity': 3.55, 'unique_ips': 1, 'anomaly_score': -0.1817, 'zscore': 6.16}
2026-04-26 17:15:09,079 [INFO] Behandlar larm: medium — {"event_count": 16, "avg_severity": 3.25, "unique_ips": 1, "anomaly_score": -0.0957, "zscore": 2.18}
2026-04-26 17:15:09,079 [WARNING] LARM [MEDIUM]: Medium incident: {'event_count': 16, 'avg_severity': 3.25, 'unique_ips': 1, 'anomaly_score': -0.0957, 'zscore': 2.18}
2026-04-26 17:15:09,079 [INFO] Behandlar larm: medium — {"event_count": 15, "avg_severity": 5.67, "unique_ips": 2, "anomaly_score": 0.0, "zscore": 2.01}
2026-04-26 17:15:09,079 [WARNING] LARM [MEDIUM]: Medium incident: {'event_count': 15, 'avg_severity': 5.67, 'unique_ips': 2, 'anomaly_score': 0.0, 'zscore': 2.01}
2026-04-26 17:15:09,081 [INFO] Behandlar larm: critical — {"event_count": 27, "avg_severity": 6.04, "unique_ips": 2, "anomaly_score": -0.1343, "zscore": 4.0}
2026-04-26 17:15:09,081 [WARNING] LARM [CRITICAL]: Kritisk incident: {'event_count': 27, 'avg_severity': 6.04, 'unique_ips': 2, 'anomaly_score': -0.1343, 'zscore': 4.0}
2026-04-26 17:15:09,085 [INFO] Behandlar larm: medium — {"event_count": 15, "avg_severity": 5.67, "unique_ips": 2, "anomaly_score": 0.0, "zscore": 2.01}
2026-04-26 17:15:09,085 [WARNING] LARM [MEDIUM]: Medium incident: {'event_count': 15, 'avg_severity': 5.67, 'unique_ips': 2, 'anomaly_score': 0.0, 'zscore': 2.01}
2026-04-26 17:15:09,087 [INFO] Behandlar larm: high — {"event_count": 18, "avg_severity": 5.39, "unique_ips": 1, "anomaly_score": -0.148, "zscore": 2.51}
2026-04-26 17:15:09,087 [WARNING] LARM [HIGH]: Hög incident: {'event_count': 18, 'avg_severity': 5.39, 'unique_ips': 1, 'anomaly_score': -0.148, 'zscore': 2.51}
2026-04-26 17:15:09,089 [INFO] Behandlar larm: medium — {"event_count": 16, "avg_severity": 3.5, "unique_ips": 1, "anomaly_score": -0.0772, "zscore": 2.18}
2026-04-26 17:15:09,089 [WARNING] LARM [MEDIUM]: Medium incident: {'event_count': 16, 'avg_severity': 3.5, 'unique_ips': 1, 'anomaly_score': -0.0772, 'zscore': 2.18}
2026-04-26 17:15:09,090 [INFO] Behandlar larm: medium — {"event_count": 15, "avg_severity": 5.67, "unique_ips": 2, "anomaly_score": 0.0, "zscore": 2.01}
2026-04-26 17:15:09,090 [WARNING] LARM [MEDIUM]: Medium incident: {'event_count': 15, 'avg_severity': 5.67, 'unique_ips': 2, 'anomaly_score': 0.0, 'zscore': 2.01}
2026-04-26 17:15:09,090 [INFO] Behandlar larm: medium — {"event_count": 15, "avg_severity": 5.87, "unique_ips": 1, "anomaly_score": -0.1008, "zscore": 2.01}
2026-04-26 17:15:09,090 [WARNING] LARM [MEDIUM]: Medium incident: {'event_count': 15, 'avg_severity': 5.87, 'unique_ips': 1, 'anomaly_score': -0.1008, 'zscore': 2.01}
2026-04-26 17:15:09,092 [INFO] Behandlar larm: critical — {"event_count": 35, "avg_severity": 5.09, "unique_ips": 2, "anomaly_score": -0.1649, "zscore": 5.33}
2026-04-26 17:15:09,092 [WARNING] LARM [CRITICAL]: Kritisk incident: {'event_count': 35, 'avg_severity': 5.09, 'unique_ips': 2, 'anomaly_score': -0.1649, 'zscore': 5.33}
